#
# A fatal error has been detected by the Java Runtime Environment:
#
#  EXCEPTION_ACCESS_VIOLATION (0xc0000005) at pc=0x00000000027c0000, pid=5800, tid=0x0000000000002e64
#
# JRE version: Java(TM) SE Runtime Environment (8.0_101-b13) (build 1.8.0_101-b13)
# Java VM: Java HotSpot(TM) 64-Bit Server VM (25.101-b13 mixed mode windows-amd64 compressed oops)
# Problematic frame:
# C  0x00000000027c0000
#
# Failed to write core dump. Minidumps are not enabled by default on client versions of Windows
#
# If you would like to submit a bug report, please visit:
#   http://bugreport.java.com/bugreport/crash.jsp
# The crash happened outside the Java Virtual Machine in native code.
# See problematic frame for where to report the bug.
#

---------------  T H R E A D  ---------------

Current thread (0x0000000002800800):  JavaThread "main" [_thread_in_native, id=11876, stack(0x0000000002630000,0x0000000002730000)]

siginfo: ExceptionCode=0xc0000005, ExceptionInformation=0x0000000000000008 0x00000000027c0000

Registers:
RAX=0x00007ff8f7223920, RBX=0x0000000000000000, RCX=0x0000000000010001, RDX=0x00007ff8f7223920
RSP=0x000000000272d288, RBP=0x000000000272f350, RSI=0x00000000000005d0, RDI=0x0000000000010001
R8 =0x00000000027c0000, R9 =0x000000000272f350, R10=0x00007ff8ed7df970, R11=0x0000000002bf27c0
R12=0x0000000000000000, R13=0x000000000272f3a8, R14=0x000000000272f340, R15=0x0000000002800800
RIP=0x00000000027c0000, EFLAGS=0x0000000000010202

Top of Stack: (sp=0x000000000272d288)
0x000000000272d288:   00007ff8f7201ef0 000000000272dff0
0x000000000272d298:   000000000272e080 000000000294621e
0x000000000272d2a8:   00000007c00ac1a0 000000001b6695d0
0x000000000272d2b8:   0000000000000000 000000001b6409e8
0x000000000272d2c8:   000000001b796b20 000000001ba68650
0x000000000272d2d8:   000000001b594b38 0000000002800800
0x000000000272d2e8:   0000000002800800 00000007c00016d0
0x000000000272d2f8:   0000000700000000 000000001b594b38
0x000000000272d308:   0000000002800800 000000001b594b38
0x000000000272d318:   0000000002800800 fffffffe00000000
0x000000000272d328:   0000000000000000 000000001b6695b0
0x000000000272d338:   000000001b9b6a50 000000001ba68630
0x000000000272d348:   0000000000000000 0000000000000000
0x000000000272d358:   0000000000000000 000000001d94efb8
0x000000000272d368:   000000000272e340 0000000002af5d64
0x000000000272d378:   0000000002af4250 0000000000000000 

Instructions: (pc=0x00000000027c0000)
0x00000000027bffe0:   
[error occurred during error reporting (printing registers, top of stack, instructions near pc), id 0xc0000005]

Register to memory mapping:

RAX=0x00007ff8f7223920 is an unknown value
RBX=0x0000000000000000 is an unknown value
RCX=0x0000000000010001 is an unknown value
RDX=0x00007ff8f7223920 is an unknown value
RSP=0x000000000272d288 is pointing into the stack for thread: 0x0000000002800800
RBP=0x000000000272f350 is pointing into the stack for thread: 0x0000000002800800
RSI=0x00000000000005d0 is an unknown value
RDI=0x0000000000010001 is an unknown value
R8 =0x00000000027c0000 is an unknown value
R9 =0x000000000272f350 is pointing into the stack for thread: 0x0000000002800800
R10=0x00007ff8ed7df970 is an unknown value
R11=0x0000000002bf27c0 is at entry_point+0 in (nmethod*)0x0000000002bf2650
R12=0x0000000000000000 is an unknown value
R13=0x000000000272f3a8 is pointing into the stack for thread: 0x0000000002800800
R14=0x000000000272f340 is pointing into the stack for thread: 0x0000000002800800
R15=0x0000000002800800 is a thread


Stack: [0x0000000002630000,0x0000000002730000],  sp=0x000000000272d288,  free space=1012k
Native frames: (J=compiled Java code, j=interpreted, Vv=VM code, C=native code)
C  0x00000000027c0000

Java frames: (J=compiled Java code, j=interpreted, Vv=VM code)
J 697  org.lwjgl.system.JNI.invokeV(J)V (0 bytes) @ 0x0000000002bf2c01 [0x0000000002bf2bc0+0x41]
J 698 C1 org.lwjgl.glfw.GLFW.glfwWaitEvents()V (12 bytes) @ 0x0000000002bf2864 [0x0000000002bf27c0+0xa4]
j  com.openglengine.core.Basic3DGame.run()V+19
j  com.openglengine.core.Basic3DGame.lambda$0(Lcom/openglengine/eventsystem/defaultevents/BaseEvent;)V+1
j  com.openglengine.core.Basic3DGame$$Lambda$3.eventReceived(Lcom/openglengine/eventsystem/defaultevents/BaseEvent;)V+5
j  com.openglengine.eventsystem.GlobalEventManager.lambda$0(Lcom/openglengine/eventsystem/defaultevents/BaseEvent;Lcom/openglengine/eventsystem/GlobalEventListener;)V+2
j  com.openglengine.eventsystem.GlobalEventManager$$Lambda$12.accept(Ljava/lang/Object;)V+8
j  java.util.ArrayList.forEach(Ljava/util/function/Consumer;)V+47
j  com.openglengine.eventsystem.GlobalEventManager.dispatch(Lcom/openglengine/eventsystem/defaultevents/BaseEvent;)V+22
j  com.openglengine.core.Display.create()V+244
j  com.openglengine.core.Basic3DGame.<init>(FFF)V+100
j  com.unnamedgame.main.UnnamedGame.<init>()V+7
j  com.unnamedgame.main.UnnamedGame.main([Ljava/lang/String;)V+12
v  ~StubRoutines::call_stub

---------------  P R O C E S S  ---------------

Java Threads: ( => current thread )
  0x000000001bf8d000 JavaThread "Service Thread" daemon [_thread_blocked, id=10588, stack(0x000000001dc80000,0x000000001dd80000)]
  0x000000001bf3a800 JavaThread "C1 CompilerThread2" daemon [_thread_blocked, id=6128, stack(0x000000001d780000,0x000000001d880000)]
  0x000000001bf38000 JavaThread "C2 CompilerThread1" daemon [_thread_blocked, id=13848, stack(0x000000001d680000,0x000000001d780000)]
  0x000000001bf2d800 JavaThread "C2 CompilerThread0" daemon [_thread_blocked, id=6460, stack(0x000000001d580000,0x000000001d680000)]
  0x000000001bf2a800 JavaThread "Attach Listener" daemon [_thread_blocked, id=8620, stack(0x000000001d480000,0x000000001d580000)]
  0x000000001bf29000 JavaThread "Signal Dispatcher" daemon [_thread_blocked, id=4300, stack(0x000000001d380000,0x000000001d480000)]
  0x00000000028fa000 JavaThread "Finalizer" daemon [_thread_blocked, id=3284, stack(0x000000001d1a0000,0x000000001d2a0000)]
  0x000000001bef9000 JavaThread "Reference Handler" daemon [_thread_blocked, id=11072, stack(0x000000001d0a0000,0x000000001d1a0000)]
=>0x0000000002800800 JavaThread "main" [_thread_in_native, id=11876, stack(0x0000000002630000,0x0000000002730000)]

Other Threads:
  0x000000001bef7000 VMThread [stack: 0x000000001cfa0000,0x000000001d0a0000] [id=700]
  0x000000001d8a3000 WatcherThread [stack: 0x000000001dd80000,0x000000001de80000] [id=4320]

VM state:not at safepoint (normal execution)

VM Mutex/Monitor currently owned by a thread: None

Heap:
 PSYoungGen      total 141824K, used 52442K [0x000000076b000000, 0x000000077d400000, 0x00000007c0000000)
  eden space 131072K, 31% used [0x000000076b000000,0x000000076d8b9d18,0x0000000773000000)
  from space 10752K, 99% used [0x0000000773000000,0x0000000773a7cc78,0x0000000773a80000)
  to   space 18432K, 0% used [0x000000077c200000,0x000000077c200000,0x000000077d400000)
 ParOldGen       total 175104K, used 9480K [0x00000006c1000000, 0x00000006cbb00000, 0x000000076b000000)
  object space 175104K, 5% used [0x00000006c1000000,0x00000006c1942000,0x00000006cbb00000)
 Metaspace       used 8826K, capacity 9099K, committed 9344K, reserved 1058816K
  class space    used 766K, capacity 834K, committed 896K, reserved 1048576K

Card table byte_map: [0x0000000011cc0000,0x00000000124c0000] byte_map_base: 0x000000000e6b8000

Marking Bits: (ParMarkBitMap*) 0x0000000066a8a6d0
 Begin Bits: [0x0000000012e10000, 0x0000000016dd0000)
 End Bits:   [0x0000000016dd0000, 0x000000001ad90000)

Polling page: 0x00000000007f0000

CodeCache: size=245760Kb used=3339Kb max_used=3339Kb free=242420Kb
 bounds [0x0000000002900000, 0x0000000002c50000, 0x0000000011900000]
 total_blobs=1540 nmethods=747 adapters=706
 compilation: enabled

Compilation events (10 events):
Event: 1.382 Thread 0x000000001bf3a800  740       3       java.lang.invoke.LambdaForm$MH/142257191::linkToTargetMethod (9 bytes)
Event: 1.382 Thread 0x000000001bf3a800 nmethod 740 0x0000000002c41690 code [0x0000000002c41800, 0x0000000002c41bf8]
Event: 1.382 Thread 0x000000001bf3a800  741       3       java.lang.invoke.LambdaForm$DMH/356573597::invokeStatic_L_L (14 bytes)
Event: 1.382 Thread 0x000000001bf3a800 nmethod 741 0x0000000002c41cd0 code [0x0000000002c41e60, 0x0000000002c422b8]
Event: 1.382 Thread 0x000000001bf3a800  743       3       com.unnamedgame.main.UnnamedGame$$Lambda$21/1635408312::accept (8 bytes)
Event: 1.382 Thread 0x000000001bf3a800 nmethod 743 0x0000000002c423d0 code [0x0000000002c425a0, 0x0000000002c42d78]
Event: 1.382 Thread 0x000000001bf3a800  744       3       com.unnamedgame.main.UnnamedGame::lambda$1 (5 bytes)
Event: 1.382 Thread 0x000000001bf3a800 nmethod 744 0x0000000002c43290 code [0x0000000002c43460, 0x0000000002c43ad8]
Event: 1.382 Thread 0x000000001bf3a800  747       1       org.lwjgl.system.MemoryStack::getPointer (5 bytes)
Event: 1.382 Thread 0x000000001bf3a800 nmethod 747 0x0000000002c43ed0 code [0x0000000002c44020, 0x0000000002c44130]

GC Heap History (10 events):
Event: 0.858 GC heap before
{Heap before GC invocations=1 (full 0):
 PSYoungGen      total 76288K, used 65536K [0x000000076b000000, 0x0000000770500000, 0x00000007c0000000)
  eden space 65536K, 100% used [0x000000076b000000,0x000000076f000000,0x000000076f000000)
  from space 10752K, 0% used [0x000000076fa80000,0x000000076fa80000,0x0000000770500000)
  to   space 10752K, 0% used [0x000000076f000000,0x000000076f000000,0x000000076fa80000)
 ParOldGen       total 175104K, used 0K [0x00000006c1000000, 0x00000006cbb00000, 0x000000076b000000)
  object space 175104K, 0% used [0x00000006c1000000,0x00000006c1000000,0x00000006cbb00000)
 Metaspace       used 8725K, capacity 8987K, committed 9088K, reserved 1056768K
  class space    used 755K, capacity 824K, committed 896K, reserved 1048576K
Event: 0.866 GC heap after
Heap after GC invocations=1 (full 0):
 PSYoungGen      total 76288K, used 7053K [0x000000076b000000, 0x0000000770500000, 0x00000007c0000000)
  eden space 65536K, 0% used [0x000000076b000000,0x000000076b000000,0x000000076f000000)
  from space 10752K, 65% used [0x000000076f000000,0x000000076f6e3688,0x000000076fa80000)
  to   space 10752K, 0% used [0x000000076fa80000,0x000000076fa80000,0x0000000770500000)
 ParOldGen       total 175104K, used 16K [0x00000006c1000000, 0x00000006cbb00000, 0x000000076b000000)
  object space 175104K, 0% used [0x00000006c1000000,0x00000006c1004000,0x00000006cbb00000)
 Metaspace       used 8725K, capacity 8987K, committed 9088K, reserved 1056768K
  class space    used 755K, capacity 824K, committed 896K, reserved 1048576K
}
Event: 0.915 GC heap before
{Heap before GC invocations=2 (full 0):
 PSYoungGen      total 76288K, used 72589K [0x000000076b000000, 0x0000000770500000, 0x00000007c0000000)
  eden space 65536K, 100% used [0x000000076b000000,0x000000076f000000,0x000000076f000000)
  from space 10752K, 65% used [0x000000076f000000,0x000000076f6e3688,0x000000076fa80000)
  to   space 10752K, 0% used [0x000000076fa80000,0x000000076fa80000,0x0000000770500000)
 ParOldGen       total 175104K, used 16K [0x00000006c1000000, 0x00000006cbb00000, 0x000000076b000000)
  object space 175104K, 0% used [0x00000006c1000000,0x00000006c1004000,0x00000006cbb00000)
 Metaspace       used 8742K, capacity 8987K, committed 9088K, reserved 1056768K
  class space    used 755K, capacity 824K, committed 896K, reserved 1048576K
Event: 0.922 GC heap after
Heap after GC invocations=2 (full 0):
 PSYoungGen      total 76288K, used 8337K [0x000000076b000000, 0x0000000774500000, 0x00000007c0000000)
  eden space 65536K, 0% used [0x000000076b000000,0x000000076b000000,0x000000076f000000)
  from space 10752K, 77% used [0x000000076fa80000,0x00000007702a46f0,0x0000000770500000)
  to   space 10752K, 0% used [0x000000076f000000,0x000000076f000000,0x000000076fa80000)
 ParOldGen       total 175104K, used 24K [0x00000006c1000000, 0x00000006cbb00000, 0x000000076b000000)
  object space 175104K, 0% used [0x00000006c1000000,0x00000006c1006000,0x00000006cbb00000)
 Metaspace       used 8742K, capacity 8987K, committed 9088K, reserved 1056768K
  class space    used 755K, capacity 824K, committed 896K, reserved 1048576K
}
Event: 0.980 GC heap before
{Heap before GC invocations=3 (full 0):
 PSYoungGen      total 76288K, used 73873K [0x000000076b000000, 0x0000000774500000, 0x00000007c0000000)
  eden space 65536K, 100% used [0x000000076b000000,0x000000076f000000,0x000000076f000000)
  from space 10752K, 77% used [0x000000076fa80000,0x00000007702a46f0,0x0000000770500000)
  to   space 10752K, 0% used [0x000000076f000000,0x000000076f000000,0x000000076fa80000)
 ParOldGen       total 175104K, used 24K [0x00000006c1000000, 0x00000006cbb00000, 0x000000076b000000)
  object space 175104K, 0% used [0x00000006c1000000,0x00000006c1006000,0x00000006cbb00000)
 Metaspace       used 8743K, capacity 8987K, committed 9088K, reserved 1056768K
  class space    used 755K, capacity 824K, committed 896K, reserved 1048576K
Event: 0.991 GC heap after
Heap after GC invocations=3 (full 0):
 PSYoungGen      total 76288K, used 10721K [0x000000076b000000, 0x0000000774500000, 0x00000007c0000000)
  eden space 65536K, 0% used [0x000000076b000000,0x000000076b000000,0x000000076f000000)
  from space 10752K, 99% used [0x000000076f000000,0x000000076fa78480,0x000000076fa80000)
  to   space 10752K, 0% used [0x0000000773a80000,0x0000000773a80000,0x0000000774500000)
 ParOldGen       total 175104K, used 2088K [0x00000006c1000000, 0x00000006cbb00000, 0x000000076b000000)
  object space 175104K, 1% used [0x00000006c1000000,0x00000006c120a000,0x00000006cbb00000)
 Metaspace       used 8743K, capacity 8987K, committed 9088K, reserved 1056768K
  class space    used 755K, capacity 824K, committed 896K, reserved 1048576K
}
Event: 1.110 GC heap before
{Heap before GC invocations=4 (full 0):
 PSYoungGen      total 76288K, used 76257K [0x000000076b000000, 0x0000000774500000, 0x00000007c0000000)
  eden space 65536K, 100% used [0x000000076b000000,0x000000076f000000,0x000000076f000000)
  from space 10752K, 99% used [0x000000076f000000,0x000000076fa78480,0x000000076fa80000)
  to   space 10752K, 0% used [0x0000000773a80000,0x0000000773a80000,0x0000000774500000)
 ParOldGen       total 175104K, used 2088K [0x00000006c1000000, 0x00000006cbb00000, 0x000000076b000000)
  object space 175104K, 1% used [0x00000006c1000000,0x00000006c120a000,0x00000006cbb00000)
 Metaspace       used 8743K, capacity 8987K, committed 9088K, reserved 1056768K
  class space    used 755K, capacity 824K, committed 896K, reserved 1048576K
Event: 1.117 GC heap after
Heap after GC invocations=4 (full 0):
 PSYoungGen      total 141824K, used 9856K [0x000000076b000000, 0x0000000774500000, 0x00000007c0000000)
  eden space 131072K, 0% used [0x000000076b000000,0x000000076b000000,0x0000000773000000)
  from space 10752K, 91% used [0x0000000773a80000,0x0000000774420080,0x0000000774500000)
  to   space 10752K, 0% used [0x0000000773000000,0x0000000773000000,0x0000000773a80000)
 ParOldGen       total 175104K, used 2096K [0x00000006c1000000, 0x00000006cbb00000, 0x000000076b000000)
  object space 175104K, 1% used [0x00000006c1000000,0x00000006c120c000,0x00000006cbb00000)
 Metaspace       used 8743K, capacity 8987K, committed 9088K, reserved 1056768K
  class space    used 755K, capacity 824K, committed 896K, reserved 1048576K
}
Event: 1.221 GC heap before
{Heap before GC invocations=5 (full 0):
 PSYoungGen      total 141824K, used 140928K [0x000000076b000000, 0x0000000774500000, 0x00000007c0000000)
  eden space 131072K, 100% used [0x000000076b000000,0x0000000773000000,0x0000000773000000)
  from space 10752K, 91% used [0x0000000773a80000,0x0000000774420080,0x0000000774500000)
  to   space 10752K, 0% used [0x0000000773000000,0x0000000773000000,0x0000000773a80000)
 ParOldGen       total 175104K, used 2096K [0x00000006c1000000, 0x00000006cbb00000, 0x000000076b000000)
  object space 175104K, 1% used [0x00000006c1000000,0x00000006c120c000,0x00000006cbb00000)
 Metaspace       used 8743K, capacity 8987K, committed 9088K, reserved 1056768K
  class space    used 755K, capacity 824K, committed 896K, reserved 1048576K
Event: 1.236 GC heap after
Heap after GC invocations=5 (full 0):
 PSYoungGen      total 141824K, used 10739K [0x000000076b000000, 0x000000077d400000, 0x00000007c0000000)
  eden space 131072K, 0% used [0x000000076b000000,0x000000076b000000,0x0000000773000000)
  from space 10752K, 99% used [0x0000000773000000,0x0000000773a7cc78,0x0000000773a80000)
  to   space 18432K, 0% used [0x000000077c200000,0x000000077c200000,0x000000077d400000)
 ParOldGen       total 175104K, used 9480K [0x00000006c1000000, 0x00000006cbb00000, 0x000000076b000000)
  object space 175104K, 5% used [0x00000006c1000000,0x00000006c1942000,0x00000006cbb00000)
 Metaspace       used 8743K, capacity 8987K, committed 9088K, reserved 1056768K
  class space    used 755K, capacity 824K, committed 896K, reserved 1048576K
}

Deoptimization events (10 events):
Event: 1.094 Thread 0x000000001dbd6800 Uncommon trap: reason=unstable_if action=reinterpret pc=0x0000000002beb9a0 method=com.openglengine.renderer.model.OBJFileLoader.convertIndicesListToArray(Ljava/util/List;)[I @ 36
Event: 1.104 Thread 0x000000001dbd6800 Uncommon trap: reason=unstable_if action=reinterpret pc=0x0000000002ba3028 method=sun.misc.FloatingDecimal.readJavaFormatString(Ljava/lang/String;)Lsun/misc/FloatingDecimal$ASCIIToBinaryConverter; @ 733
Event: 1.120 Thread 0x000000001dbd6800 Uncommon trap: reason=unstable_if action=reinterpret pc=0x0000000002bed298 method=com.openglengine.renderer.model.OBJFileLoader.loadOBJ(Ljava/lang/String;)Lcom/openglengine/renderer/model/ModelData; @ 90
Event: 1.252 Thread 0x000000001dbd6800 Uncommon trap: reason=unstable_if action=reinterpret pc=0x0000000002c18040 method=com.openglengine.renderer.model.OBJFileLoader.loadOBJ(Ljava/lang/String;)Lcom/openglengine/renderer/model/ModelData; @ 394
Event: 1.254 Thread 0x000000001dbd6800 Uncommon trap: reason=unstable_if action=reinterpret pc=0x0000000002bec004 method=com.openglengine.renderer.model.OBJFileLoader.removeUnusedVertices(Ljava/util/List;)V @ 43
Event: 1.257 Thread 0x000000001dbd6800 Uncommon trap: reason=unstable_if action=reinterpret pc=0x0000000002bf5da0 method=com.openglengine.renderer.model.OBJFileLoader.convertDataToArrays(Ljava/util/List;Ljava/util/List;Ljava/util/List;[F[F[F)D @ 195
Event: 1.258 Thread 0x000000001dbd6800 Uncommon trap: reason=unstable_if action=reinterpret pc=0x0000000002bf354c method=com.openglengine.renderer.model.OBJFileLoader.convertIndicesListToArray(Ljava/util/List;)[I @ 36
Event: 1.275 Thread 0x000000001dbd6800 Uncommon trap: reason=unstable_if action=reinterpret pc=0x0000000002ba69b8 method=sun.misc.FloatingDecimal$ASCIIToBinaryBuffer.floatValue()F @ 65
Event: 1.275 Thread 0x000000001dbd6800 Uncommon trap: reason=unstable_if action=reinterpret pc=0x0000000002bf96f0 method=com.openglengine.renderer.model.OBJFileLoader$Vertex.hasSameTextureAndNormal(II)Z @ 13
Event: 1.275 Thread 0x000000001dbd6800 Uncommon trap: reason=unstable_if action=reinterpret pc=0x0000000002beffbc method=com.openglengine.renderer.model.OBJFileLoader$Vertex.hasSameTextureAndNormal(II)Z @ 13

Internal exceptions (9 events):
Event: 0.023 Thread 0x0000000002800800 Exception <a 'java/lang/NoSuchMethodError': Method sun.misc.Unsafe.defineClass(Ljava/lang/String;[BII)Ljava/lang/Class; name or signature does not match> (0x000000076b007cc0) thrown at [C:\re\workspace\8-2-build-windows-amd64-cygwin\jdk8u101\7261\hotspot\s¸ïv#^˜?
Event: 0.024 Thread 0x0000000002800800 Exception <a 'java/lang/NoSuchMethodError': Method sun.misc.Unsafe.prefetchRead(Ljava/lang/Object;J)V name or signature does not match> (0x000000076b007fa8) thrown at [C:\re\workspace\8-2-build-windows-amd64-cygwin\jdk8u101\7261\hotspot\src\share\vm\prims\ÉPN™ÚP»?
Event: 0.107 Thread 0x0000000002800800 Exception <a 'java/lang/NoSuchFieldError': method resolution failed> (0x000000076b2c9a08) thrown at [C:\re\workspace\8-2-build-windows-amd64-cygwin\jdk8u101\7261\hotspot\src\share\vm\prims\methodHandles.cpp, line 1146]
Event: 0.108 Thread 0x0000000002800800 Exception <a 'java/lang/NoSuchFieldError': method resolution failed> (0x000000076b2d6e08) thrown at [C:\re\workspace\8-2-build-windows-amd64-cygwin\jdk8u101\7261\hotspot\src\share\vm\prims\methodHandles.cpp, line 1146]
Event: 0.146 Thread 0x0000000002800800 Exception <a 'java/security/PrivilegedActionException'> (0x000000076b446a10) thrown at [C:\re\workspace\8-2-build-windows-amd64-cygwin\jdk8u101\7261\hotspot\src\share\vm\prims\jvm.cpp, line 1386]
Event: 0.146 Thread 0x0000000002800800 Exception <a 'java/security/PrivilegedActionException'> (0x000000076b446e08) thrown at [C:\re\workspace\8-2-build-windows-amd64-cygwin\jdk8u101\7261\hotspot\src\share\vm\prims\jvm.cpp, line 1386]
Event: 0.146 Thread 0x0000000002800800 Exception <a 'java/security/PrivilegedActionException'> (0x000000076b44ae20) thrown at [C:\re\workspace\8-2-build-windows-amd64-cygwin\jdk8u101\7261\hotspot\src\share\vm\prims\jvm.cpp, line 1386]
Event: 0.146 Thread 0x0000000002800800 Exception <a 'java/security/PrivilegedActionException'> (0x000000076b44b218) thrown at [C:\re\workspace\8-2-build-windows-amd64-cygwin\jdk8u101\7261\hotspot\src\share\vm\prims\jvm.cpp, line 1386]
Event: 1.252 Thread 0x000000001dbd6800 Implicit null exception at 0x0000000002c13b8c to 0x0000000002c18029

Events (10 events):
Event: 1.382 loading class com/unnamedgame/models/SimpleTexturedModel done
Event: 1.382 loading class com/unnamedgame/models/SimpleTexturedModel
Event: 1.382 loading class com/unnamedgame/models/SimpleTexturedModel done
Event: 1.382 loading class org/lwjgl/glfw/Callbacks
Event: 1.382 loading class org/lwjgl/glfw/Callbacks done
Event: 1.390 loading class com/openglengine/renderer/texture/Texture
Event: 1.390 loading class com/openglengine/renderer/texture/Texture done
Event: 1.390 loading class com/openglengine/renderer/texture/Texture
Event: 1.390 loading class com/openglengine/renderer/texture/Texture done
Event: 1.391 Thread 0x000000001dbd6800 Thread exited: 0x000000001dbd6800


Dynamic libraries:
0x00007ff720300000 - 0x00007ff720337000 	C:\Program Files\Java\jre1.8.0_101\bin\javaw.exe
0x00007ff913820000 - 0x00007ff9139e1000 	C:\WINDOWS\SYSTEM32\ntdll.dll
0x00007ff911c60000 - 0x00007ff911d0d000 	C:\WINDOWS\system32\KERNEL32.DLL
0x00007ff9107b0000 - 0x00007ff910998000 	C:\WINDOWS\system32\KERNELBASE.dll
0x00007ff911b50000 - 0x00007ff911bf7000 	C:\WINDOWS\system32\ADVAPI32.dll
0x00007ff9117c0000 - 0x00007ff91185d000 	C:\WINDOWS\system32\msvcrt.dll
0x00007ff911d10000 - 0x00007ff911d6b000 	C:\WINDOWS\system32\sechost.dll
0x00007ff911d70000 - 0x00007ff911e8c000 	C:\WINDOWS\system32\RPCRT4.dll
0x00007ff9134c0000 - 0x00007ff913616000 	C:\WINDOWS\system32\USER32.dll
0x00007ff913690000 - 0x00007ff913816000 	C:\WINDOWS\system32\GDI32.dll
0x00007ff90aeb0000 - 0x00007ff90b124000 	C:\WINDOWS\WinSxS\amd64_microsoft.windows.common-controls_6595b64144ccf1df_6.0.10586.494_none_a2d8b04ea53e3145\COMCTL32.dll
0x00007ff910d00000 - 0x00007ff910f7d000 	C:\WINDOWS\system32\combase.dll
0x00007ff910aa0000 - 0x00007ff910b0a000 	C:\WINDOWS\system32\bcryptPrimitives.dll
0x00007ff911af0000 - 0x00007ff911b2b000 	C:\WINDOWS\system32\IMM32.DLL
0x00000000647a0000 - 0x0000000064872000 	C:\Program Files\Java\jre1.8.0_101\bin\msvcr100.dll
0x0000000066270000 - 0x0000000066b0a000 	C:\Program Files\Java\jre1.8.0_101\bin\server\jvm.dll
0x00007ff913680000 - 0x00007ff913688000 	C:\WINDOWS\system32\PSAPI.DLL
0x00007ff9045e0000 - 0x00007ff9045e9000 	C:\WINDOWS\SYSTEM32\WSOCK32.dll
0x00007ff90df40000 - 0x00007ff90df63000 	C:\WINDOWS\SYSTEM32\WINMM.dll
0x00007ff910c70000 - 0x00007ff910cdb000 	C:\WINDOWS\system32\WS2_32.dll
0x00007ff90cc10000 - 0x00007ff90cc1a000 	C:\WINDOWS\SYSTEM32\VERSION.dll
0x00007ff90dee0000 - 0x00007ff90df0c000 	C:\WINDOWS\SYSTEM32\WINMMBASE.dll
0x00007ff910a50000 - 0x00007ff910a93000 	C:\WINDOWS\system32\cfgmgr32.dll
0x0000000068210000 - 0x000000006821f000 	C:\Program Files\Java\jre1.8.0_101\bin\verify.dll
0x00000000681e0000 - 0x0000000068209000 	C:\Program Files\Java\jre1.8.0_101\bin\java.dll
0x00000000681c0000 - 0x00000000681d6000 	C:\Program Files\Java\jre1.8.0_101\bin\zip.dll
0x00007ff911f60000 - 0x00007ff9134bc000 	C:\WINDOWS\system32\SHELL32.dll
0x00007ff90feb0000 - 0x00007ff9104f5000 	C:\WINDOWS\system32\windows.storage.dll
0x00007ff9119c0000 - 0x00007ff911a12000 	C:\WINDOWS\system32\shlwapi.dll
0x00007ff90fe90000 - 0x00007ff90fe9f000 	C:\WINDOWS\system32\kernel.appcore.dll
0x00007ff910520000 - 0x00007ff9105d5000 	C:\WINDOWS\system32\shcore.dll
0x00007ff90fe20000 - 0x00007ff90fe6b000 	C:\WINDOWS\system32\powrprof.dll
0x00007ff90fe70000 - 0x00007ff90fe84000 	C:\WINDOWS\system32\profapi.dll
0x00007ff8ed760000 - 0x00007ff8ed877000 	D:\Programming\Eclipse\3DEngine_Workspace\UnnamedGame\lib\natives\lwjgl.dll
0x00007ff911670000 - 0x00007ff9117b3000 	C:\WINDOWS\system32\ole32.dll
0x00007ff90f920000 - 0x00007ff90f92b000 	C:\WINDOWS\SYSTEM32\CRYPTBASE.DLL
0x00007ff8f7200000 - 0x00007ff8f723c000 	D:\Programming\Eclipse\3DEngine_Workspace\UnnamedGame\lib\natives\glfw.dll
0x00007ff90e7a0000 - 0x00007ff90e836000 	C:\WINDOWS\system32\uxtheme.dll
0x00007ff90e840000 - 0x00007ff90e867000 	C:\WINDOWS\SYSTEM32\DEVOBJ.dll
0x00007ff90de60000 - 0x00007ff90de82000 	C:\WINDOWS\SYSTEM32\dwmapi.dll
0x00007ff8e8a40000 - 0x00007ff8e8b69000 	C:\WINDOWS\SYSTEM32\opengl32.dll
0x00007ff8ee2d0000 - 0x00007ff8ee2fe000 	C:\WINDOWS\SYSTEM32\GLU32.dll
0x00007ff8e2760000 - 0x00007ff8e285a000 	C:\WINDOWS\SYSTEM32\DDRAW.dll
0x00007ff90a0a0000 - 0x00007ff90a0a8000 	C:\WINDOWS\SYSTEM32\DCIMAN32.dll
0x00007ff911130000 - 0x00007ff911559000 	C:\WINDOWS\system32\SETUPAPI.DLL
0x00007ff910b10000 - 0x00007ff910b65000 	C:\WINDOWS\system32\WINTRUST.dll
0x00007ff90fea0000 - 0x00007ff90feb0000 	C:\WINDOWS\system32\MSASN1.dll
0x00007ff9105e0000 - 0x00007ff9107a8000 	C:\WINDOWS\system32\CRYPT32.dll
0x00007ff8ebe50000 - 0x00007ff8ebfdc000 	C:\WINDOWS\SYSTEM32\Dbghelp.dll
0x00007ff90f370000 - 0x00007ff90f3a1000 	C:\WINDOWS\SYSTEM32\ntmarta.dll
0x00007ff911860000 - 0x00007ff9119ba000 	C:\WINDOWS\system32\MSCTF.dll
0x0000000062630000 - 0x000000006479f000 	C:\WINDOWS\SYSTEM32\nvoglv64.DLL
0x00007ff90db70000 - 0x00007ff90db83000 	C:\WINDOWS\SYSTEM32\WTSAPI32.dll
0x00007ff90f0c0000 - 0x00007ff90f116000 	C:\WINDOWS\SYSTEM32\WINSTA.dll
0x00007ff8eceb0000 - 0x00007ff8eceeb000 	D:\Programming\Eclipse\3DEngine_Workspace\UnnamedGame\lib\natives\jemalloc.dll

VM Arguments:
jvm_args: -Djava.library.path=D:\Programming\Eclipse\3DEngine_Workspace\UnnamedGame\lib\natives;D:\Programming\Eclipse\3DEngine_Workspace\UnnamedGame\lib\natives -Dfile.encoding=Cp1252 
java_command: com.unnamedgame.main.UnnamedGame
java_class_path (initial): D:\Programming\Eclipse\3DEngine_Workspace\UnnamedGame\bin;D:\Programming\Eclipse\3DEngine_Workspace\UnnamedGame\lib\jar\lwjgl.jar;D:\Programming\Eclipse\3DEngine_Workspace\UnnamedGame\subs\OpenGLEngine\bin
Launcher Type: SUN_STANDARD

Environment Variables:
PATH=C:/Program Files/Java/jre1.8.0_101/bin/server;C:/Program Files/Java/jre1.8.0_101/bin;C:/Program Files/Java/jre1.8.0_101/lib/amd64;C:\ProgramData\Oracle\Java\javapath;C:\WINDOWS\system32;C:\WINDOWS;C:\WINDOWS\System32\Wbem;C:\WINDOWS\System32\WindowsPowerShell\v1.0\;C:\Program Files (x86)\Python27;C:\Program Files (x86)\NVIDIA Corporation\PhysX\Common;C:\Program Files (x86)\Skype\Phone\;C:\Program Files\eclipse\eclipse-neon;
USERNAME=Dominik
OS=Windows_NT
PROCESSOR_IDENTIFIER=Intel64 Family 6 Model 60 Stepping 3, GenuineIntel



---------------  S Y S T E M  ---------------

OS: Windows 10.0 , 64 bit Build 10586 (10.0.10586.0)

CPU:total 4 (4 cores per cpu, 1 threads per core) family 6 model 60 stepping 3, cmov, cx8, fxsr, mmx, sse, sse2, sse3, ssse3, sse4.1, sse4.2, popcnt, avx, avx2, aes, clmul, erms, lzcnt, tsc, tscinvbit, bmi1, bmi2

Memory: 4k page, physical 16705880k(11049240k free), swap 33483096k(25534016k free)

vm_info: Java HotSpot(TM) 64-Bit Server VM (25.101-b13) for windows-amd64 JRE (1.8.0_101-b13), built on Jun 22 2016 01:21:29 by "java_re" with MS VC++ 10.0 (VS2010)

time: Thu Sep 08 18:34:39 2016
elapsed time: 1 seconds (0d 0h 0m 1s)

